This is pdfTeX, Version 3.1415926-2.5-1.40.14 (TeX Live 2013/Debian) (format=pdflatex 2015.12.7)  10 APR 2016 18:08
entering extended mode
 restricted \write18 enabled.
 %&-line parsing enabled.
**bethesis.tex
(./bethesis.tex
LaTeX2e <2011/06/27>
Babel <3.9h> and hyphenation patterns for 2 languages loaded.
(/usr/share/texlive/texmf-dist/tex/latex/memoir/memoir.cls
Document Class: memoir 2013/05/30 v3.7b configurable book, report, article docu
ment class
\onelineskip=\skip41
\lxvchars=\skip42
\xlvchars=\skip43
\@memcnta=\count79
\c@@memmarkcntra=\count80
(/usr/share/texlive/texmf-dist/tex/generic/oberdiek/ifpdf.sty
Package: ifpdf 2011/01/30 v2.3 Provides the ifpdf switch (HO)
Package ifpdf Info: pdfTeX in PDF mode is detected.
)
Class memoir Info: An `ifetex' package is being emulated on input line 265.

(/usr/share/texlive/texmf-dist/tex/generic/ifxetex/ifxetex.sty
Package: ifxetex 2010/09/12 v0.6 Provides ifxetex conditional
)
(/usr/share/texlive/texmf-dist/tex/generic/oberdiek/ifluatex.sty
Package: ifluatex 2010/03/01 v1.3 Provides the ifluatex switch (HO)
Package ifluatex Info: LuaTeX not detected.
)
\stockheight=\skip44
\stockwidth=\skip45
\trimtop=\skip46
\trimedge=\skip47

(/usr/share/texlive/texmf-dist/tex/latex/etex-pkg/etex.sty
Package: etex 1998/03/26 v2.0 eTeX basic definition package (PEB)
\et@xins=\count81
)
(/usr/share/texlive/texmf-dist/tex/latex/memoir/mem14.clo
File: mem14.clo 2008/01/30 v0.4 memoir class 14pt size option
)
\binding=\skip48
\spinemargin=\skip49
\foremargin=\skip50
\uppermargin=\skip51
\lowermargin=\skip52
\headdrop=\skip53
\normalrulethickness=\skip54
\mem@maxheadheight=\skip55
\mem@maxfootheight=\skip56
\headwidth=\skip57
\c@storedpagenumber=\count82
\memPD=\dimen102
\m@mabparskip=\skip58
\thanksmarkwidth=\skip59
\thanksmarksep=\skip60
\droptitle=\skip61
\c@book=\count83
\c@part=\count84
\c@chapter=\count85
\c@section=\count86
\c@subsection=\count87
\c@subsubsection=\count88
\c@paragraph=\count89
\c@subparagraph=\count90
\beforechapskip=\skip62
\midchapskip=\skip63
\afterchapskip=\skip64
\chapindent=\skip65
\bottomsectionskip=\skip66
\secindent=\skip67
\beforesecskip=\skip68
\aftersecskip=\skip69
\subsecindent=\skip70
\beforesubsecskip=\skip71
\aftersubsecskip=\skip72
\subsubsecindent=\skip73
\beforesubsubsecskip=\skip74
\aftersubsubsecskip=\skip75
\paraindent=\skip76
\beforeparaskip=\skip77
\afterparaskip=\skip78
\subparaindent=\skip79
\beforesubparaskip=\skip80
\aftersubparaskip=\skip81
\pfbreakskip=\skip82
\c@@ppsavesec=\count91
\c@@ppsaveapp=\count92
\ragrparindent=\dimen103
\everylistparindent=\dimen104
\parsepi=\skip83
\topsepi=\skip84
\itemsepi=\skip85
\parsepii=\skip86
\topsepii=\skip87
\topsepiii=\skip88
\itemsepii=\skip89
\itemsepiii=\skip90
\partopsepii=\skip91
\partopsepiii=\skip92
\m@msavetopsep=\skip93
\m@msavepartopsep=\skip94
\@enLab=\toks14
\abstitleskip=\skip95
\absleftindent=\skip96
\abs@leftindent=\dimen105
\absrightindent=\skip97
\absparindent=\skip98
\absparsep=\skip99
\c@vslineno=\count93
\c@poemline=\count94
\c@modulo@vs=\count95
\c@memfvsline=\count96
\vleftskip=\skip100
\vrightskip=\skip101
\stanzaskip=\skip102
\versewidth=\skip103
\vgap=\skip104
\vindent=\skip105
\vleftmargin=\dimen106
\c@verse=\count97
\c@chrsinstr=\count98
\beforepoemtitleskip=\skip106
\afterpoemtitleskip=\skip107
\c@poem=\count99
\beforePoemTitleskip=\skip108
\midPoemTitleskip=\skip109
\afterPoemTitleskip=\skip110
\col@sep=\dimen107
\extrarowheight=\dimen108
\NC@list=\toks15
\extratabsurround=\skip111
\backup@length=\skip112
\TX@col@width=\dimen109
\TX@old@table=\dimen110
\TX@old@col=\dimen111
\TX@target=\dimen112
\TX@delta=\dimen113
\TX@cols=\count100
\TX@ftn=\toks16
\heavyrulewidth=\dimen114
\lightrulewidth=\dimen115
\cmidrulewidth=\dimen116
\belowrulesep=\dimen117
\belowbottomsep=\dimen118
\aboverulesep=\dimen119
\abovetopsep=\dimen120
\cmidrulesep=\dimen121
\cmidrulekern=\dimen122
\defaultaddspace=\dimen123
\@cmidla=\count101
\@cmidlb=\count102
\@aboverulesep=\dimen124
\@belowrulesep=\dimen125
\@thisruleclass=\count103
\@lastruleclass=\count104
\@thisrulewidth=\dimen126
\ctableftskip=\skip113
\ctabrightskip=\skip114
\abovecolumnspenalty=\count105
\@linestogo=\count106
\@cellstogo=\count107
\@cellsincolumn=\count108
\crtok=\toks17
\@mincolumnwidth=\dimen127
\c@newflo@tctr=\count109
\mem@margin@floatbox=\box26
\@contcwidth=\skip115
\@contindw=\skip116
\abovecaptionskip=\skip117
\belowcaptionskip=\skip118
\subfloattopskip=\skip119
\subfloatcapskip=\skip120
\subfloatcaptopadj=\skip121
\subfloatbottomskip=\skip122
\subfloatlabelskip=\skip123
\subfloatcapmargin=\dimen128
\c@@contsubnum=\count110
\m@mscap@capbox=\box27
\m@mscap@fbox=\box28
\sidecapsep=\dimen129
\sidecapwidth=\dimen130
\m@m@tempdima=\dimen131
\m@mscapraise=\dimen132
\sidecapraise=\dimen133
\m@mscapmainwidth=\dimen134
\m@mscaplkern=\dimen135
\beforeepigraphskip=\skip124
\afterepigraphskip=\skip125
\epigraphwidth=\skip126
\epigraphrule=\skip127
LaTeX Info: Redefining \em on input line 7492.
LaTeX Info: Redefining \emph on input line 7500.
\tocentryskip=\skip128
\tocbaseline=\skip129
\cftparskip=\skip130
\cftbeforebookskip=\skip131
\cftbookindent=\dimen136
\cftbooknumwidth=\dimen137
\cftbeforepartskip=\skip132
\cftpartindent=\skip133
\cftpartnumwidth=\skip134
\cftbeforechapterskip=\skip135
\cftchapterindent=\skip136
\cftchapternumwidth=\skip137
\cftbeforesectionskip=\skip138
\cftsectionindent=\skip139
\cftsectionnumwidth=\skip140
\cftbeforesubsectionskip=\skip141
\cftsubsectionindent=\skip142
\cftsubsectionnumwidth=\skip143
\cftbeforesubsubsectionskip=\skip144
\cftsubsubsectionindent=\skip145
\cftsubsubsectionnumwidth=\skip146
\cftbeforeparagraphskip=\skip147
\cftparagraphindent=\skip148
\cftparagraphnumwidth=\skip149
\cftbeforesubparagraphskip=\skip150
\cftsubparagraphindent=\skip151
\cftsubparagraphnumwidth=\skip152
\prechapterprecisshift=\dimen138
\c@maxsecnumdepth=\count111
\bibindent=\dimen139
\bibitemsep=\skip153
\indexcolsep=\skip154
\indexrule=\skip155
\indexmarkstyle=\toks18
\@indexbox=\insert233
\glossarycolsep=\dimen140
\glossaryrule=\dimen141
\sideparvshift=\skip156
\sideins=\insert232
\sidebartopsep=\skip157
\sidebarhsep=\skip158
\sidebarvsep=\skip159
\sidebarwidth=\skip160
\footmarkwidth=\skip161
\footmarksep=\skip162
\footparindent=\skip163
\footinsdim=\skip164
\footinsv@r=\insert231
\@mpfootinsv@r=\insert230
\m@m@k=\count112
\m@m@h=\dimen142
\m@mipn@skip=\skip165
\sidefootins=\insert229
\sidefootadjust=\skip166
\sidefootheight=\skip167
\sidefoothsep=\skip168
\sidefootvsep=\skip169
\sidefootwidth=\skip170
\m@mdownsf=\skip171
\c@sidefootnote=\count113
\sidefootmarkwidth=\skip172
\sidefootmarksep=\skip173
\sidefootparindent=\skip174
\c@pagenote=\count114
\c@pagenoteshadow=\count115
\mem@pn@lastkern=\skip175
\every@verbatim=\toks19
\afterevery@verbatim=\toks20
\verbatim@line=\toks21
\tab@position=\count116
\verbatim@in@stream=\read1
\verbatimindent=\skip176
\verbatim@out=\write3
\bvboxsep=\skip177
\c@memfbvline=\count117
\c@bvlinectr=\count118
\bvnumlength=\skip178
\fb@frw=\dimen143
\fb@frh=\dimen144
\FrameRule=\dimen145
\FrameSep=\dimen146
\c@cp@cntr=\count119
LaTeX Info: Redefining \: on input line 11958.
LaTeX Info: Redefining \! on input line 11960.
\c@ism@mctr=\count120
\c@xsm@mctr=\count121
\c@csm@mctr=\count122
\c@ksm@mctr=\count123
\c@xksm@mctr=\count124
\c@cksm@mctr=\count125
\c@msm@mctr=\count126
\c@xmsm@mctr=\count127
\c@cmsm@mctr=\count128
\c@bsm@mctr=\count129
\c@workm@mctr=\count130
\c@sheetsequence=\count131
\c@lastsheet=\count132
\c@lastpage=\count133
\c@figure=\count134
\c@lofdepth=\count135
\cftbeforefigureskip=\skip179
\cftfigureindent=\skip180
\cftfigurenumwidth=\skip181
\c@table=\count136
\c@lotdepth=\count137
\cftbeforetableskip=\skip182
\cfttableindent=\skip183
\cfttablenumwidth=\skip184
Package abstract [2008/07/23] emulated by memoir.
Package appendix [2008/07/23] emulated by memoir.
Package array [2008/09/09] emulated by memoir.
Package booktabs [2008/07/23] emulated by memoir.
Package ccaption [2008/07/23] emulated by memoir.
Package changepage [2008/07/23] emulated by memoir.
Package chngcntr [2008/07/23] emulated by memoir.
Package chngpage [2008/07/23] emulated by memoir.
Package crop emulated by memoir.
Package dcolumn [2008/07/23] emulated by memoir.
Package delarray [2008/07/23] emulated by memoir.
Package enumerate [2008/07/23] emulated by memoir.
Package epigraph [2008/07/23] emulated by memoir.
Package ifmtarg [2008/07/23] emulated by memoir.
Package ifetex [2008/07/23] emulated by memoir.
Package index [2008/07/23] emulated by memoir.
Package makeidx [2008/07/23] emulated by memoir.
Package moreverb [2008/07/23] emulated by memoir.
Package mparhack [2008/07/23] emulated by memoir.
Package needspace [2008/07/23] emulated by memoir.
Package newfile [2008/07/23] emulated by memoir.
Package nextpage [2008/07/23] emulated by memoir.
Package pagenote [2008/07/23] emulated by memoir.
Package parskip [2008/07/23] emulated by memoir.
Package patchcmd [2008/07/23] emulated by memoir.
Package setspace [2008/07/23] emulated by memoir.
Package shortvrb [2008/07/23] emulated by memoir.
Package showidx [2008/07/23] emulated by memoir.
Package tabularx [2008/07/23] emulated by memoir.
Package titleref [2008/07/23] emulated by memoir.
Package titling [2008/07/23] emulated by memoir.
Package tocbibind [2008/07/23] emulated by memoir.
Package tocloft [2008/07/23] emulated by memoir.
Package tocvsec2 [2008/07/23] emulated by memoir.
Package verbatim [2008/07/23] emulated by memoir.
Package verse [2008/07/23] emulated by memoir.

(/usr/share/texlive/texmf-dist/tex/latex/memoir/mempatch.sty
Package: mempatch 2009/07/24 v6.0f Patches for memoir class v1.6180339
)) (./aubecse.sty
Package: aubecse 2013/05/18 v0.1 AU BE CSE thesis

(/usr/share/texlive/texmf-dist/tex/latex/url/url.sty
\Urlmuskip=\muskip10
Package: url 2013/09/16  ver 3.4  Verb mode for urls, etc.
)
(/usr/share/texlive/texmf-dist/tex/latex/psnfss/mathptmx.sty
Package: mathptmx 2005/04/12 PSNFSS-v9.2a Times w/ Math, improved (SPQR, WaS) 
LaTeX Font Info:    Redeclaring symbol font `operators' on input line 28.
LaTeX Font Info:    Overwriting symbol font `operators' in version `normal'
(Font)                  OT1/cmr/m/n --> OT1/ztmcm/m/n on input line 28.
LaTeX Font Info:    Overwriting symbol font `operators' in version `bold'
(Font)                  OT1/cmr/bx/n --> OT1/ztmcm/m/n on input line 28.
LaTeX Font Info:    Redeclaring symbol font `letters' on input line 29.
LaTeX Font Info:    Overwriting symbol font `letters' in version `normal'
(Font)                  OML/cmm/m/it --> OML/ztmcm/m/it on input line 29.
LaTeX Font Info:    Overwriting symbol font `letters' in version `bold'
(Font)                  OML/cmm/b/it --> OML/ztmcm/m/it on input line 29.
LaTeX Font Info:    Redeclaring symbol font `symbols' on input line 30.
LaTeX Font Info:    Overwriting symbol font `symbols' in version `normal'
(Font)                  OMS/cmsy/m/n --> OMS/ztmcm/m/n on input line 30.
LaTeX Font Info:    Overwriting symbol font `symbols' in version `bold'
(Font)                  OMS/cmsy/b/n --> OMS/ztmcm/m/n on input line 30.
LaTeX Font Info:    Redeclaring symbol font `largesymbols' on input line 31.
LaTeX Font Info:    Overwriting symbol font `largesymbols' in version `normal'
(Font)                  OMX/cmex/m/n --> OMX/ztmcm/m/n on input line 31.
LaTeX Font Info:    Overwriting symbol font `largesymbols' in version `bold'
(Font)                  OMX/cmex/m/n --> OMX/ztmcm/m/n on input line 31.
\symbold=\mathgroup4
\symitalic=\mathgroup5
LaTeX Font Info:    Redeclaring math alphabet \mathbf on input line 34.
LaTeX Font Info:    Overwriting math alphabet `\mathbf' in version `normal'
(Font)                  OT1/cmr/bx/n --> OT1/ptm/bx/n on input line 34.
LaTeX Font Info:    Overwriting math alphabet `\mathbf' in version `bold'
(Font)                  OT1/cmr/bx/n --> OT1/ptm/bx/n on input line 34.
LaTeX Font Info:    Redeclaring math alphabet \mathit on input line 35.
LaTeX Font Info:    Overwriting math alphabet `\mathit' in version `normal'
(Font)                  OT1/cmr/m/it --> OT1/ptm/m/it on input line 35.
LaTeX Font Info:    Overwriting math alphabet `\mathit' in version `bold'
(Font)                  OT1/cmr/bx/it --> OT1/ptm/m/it on input line 35.
LaTeX Info: Redefining \hbar on input line 50.
)
(/usr/share/texlive/texmf-dist/tex/latex/graphics/graphicx.sty
Package: graphicx 1999/02/16 v1.0f Enhanced LaTeX Graphics (DPC,SPQR)

(/usr/share/texlive/texmf-dist/tex/latex/graphics/keyval.sty
Package: keyval 1999/03/16 v1.13 key=value parser (DPC)
\KV@toks@=\toks22
)
(/usr/share/texlive/texmf-dist/tex/latex/graphics/graphics.sty
Package: graphics 2009/02/05 v1.0o Standard LaTeX Graphics (DPC,SPQR)

(/usr/share/texlive/texmf-dist/tex/latex/graphics/trig.sty
Package: trig 1999/03/16 v1.09 sin cos tan (DPC)
)
(/usr/share/texlive/texmf-dist/tex/latex/latexconfig/graphics.cfg
File: graphics.cfg 2010/04/23 v1.9 graphics configuration of TeX Live
)
Package graphics Info: Driver file: pdftex.def on input line 91.

(/usr/share/texlive/texmf-dist/tex/latex/pdftex-def/pdftex.def
File: pdftex.def 2011/05/27 v0.06d Graphics/color for pdfTeX

(/usr/share/texlive/texmf-dist/tex/generic/oberdiek/infwarerr.sty
Package: infwarerr 2010/04/08 v1.3 Providing info/warning/error messages (HO)
)
(/usr/share/texlive/texmf-dist/tex/generic/oberdiek/ltxcmds.sty
Package: ltxcmds 2011/11/09 v1.22 LaTeX kernel commands for general use (HO)
)
\Gread@gobject=\count138
))
\Gin@req@height=\dimen147
\Gin@req@width=\dimen148
)
(/usr/share/texlive/texmf-dist/tex/latex/lipsum/lipsum.sty
Package: lipsum 2011/04/14 v1.2 150 paragraphs of Lorem Ipsum dummy text
\c@lips@count=\count139
)
(/usr/share/texlive/texmf-dist/tex/latex/acronym/acronym.sty
Package: acronym 2012/10/29 v1.38 Support for acronyms (Tobias Oetiker)

(/usr/share/texlive/texmf-dist/tex/latex/bigfoot/suffix.sty
Package: suffix 2006/07/15 1.5 Variant command support
)
(/usr/share/texlive/texmf-dist/tex/generic/xstring/xstring.sty
(/usr/share/texlive/texmf-dist/tex/generic/xstring/xstring.tex
\@xs@message=\write4
\integerpart=\count140
\decimalpart=\count141
)
Package: xstring 2013/10/13  v1.7c  String manipulations (C Tellechea)
)
\AC@clearlist=\toks23
)
(/usr/share/texlive/texmf-dist/tex/latex/enumitem/enumitem.sty
Package: enumitem 2011/09/28 v3.5.2 Customized lists
\labelindent=\skip185
\enit@outerparindent=\dimen149
\enit@toks=\toks24
\enit@inbox=\box29
\enitdp@description=\count142
)
\linespace=\skip186
\toptafiddle=\skip187
\bottafiddle=\skip188
\topfiddle=\skip189
\botfiddle=\skip190


******************************************************
Stock height and width: 845.04684pt by 597.50787pt
Top and edge trims: 0pt and 0pt
Page height and width: 845.04684pt by 597.50787pt
Text height and width: 688.15373pt by 412pt
Spine and edge margins: 113.81102pt and 71.13188pt
Upper and lower margins: 93.482pt and 63.41112pt
Headheight and headsep: 17.5pt and 4.85011pt
Footskip: 17.5pt
Columnsep and columnseprule: 10pt and 0pt
Marginparsep and marginparwidth: 7pt and 57.13188pt
Sidecapsep and sidecapwidth: 7pt and 7pt
Sidebarhsep and sidebarwidth: 7pt and 7pt
Sidebarvsep and sidebartopsep: 17.5pt and 0pt
Sidebarheight: 589.74994pt
Sidefoothsep and sidefootwidth: 7pt and 7pt
Sidefootvsep and sidefootheight: 17.5pt and 589.74994pt
******************************************************

\c@nauthors=\count143
) (/usr/share/texlive/texmf-dist/tex/latex/listings/listings.sty
\lst@mode=\count144
\lst@gtempboxa=\box30
\lst@token=\toks25
\lst@length=\count145
\lst@currlwidth=\dimen150
\lst@column=\count146
\lst@pos=\count147
\lst@lostspace=\dimen151
\lst@width=\dimen152
\lst@newlines=\count148
\lst@lineno=\count149
\lst@maxwidth=\dimen153

(/usr/share/texlive/texmf-dist/tex/latex/listings/lstmisc.sty
File: lstmisc.sty 2013/08/26 1.5b (Carsten Heinz)
\c@lstnumber=\count150
\lst@skipnumbers=\count151
\lst@framebox=\box31
)
(/usr/share/texlive/texmf-dist/tex/latex/listings/listings.cfg
File: listings.cfg 2013/08/26 1.5b listings configuration
))
Package: listings 2013/08/26 1.5b (Carsten Heinz)

(/usr/share/texlive/texmf-dist/tex/latex/graphics/color.sty
Package: color 2005/11/14 v1.0j Standard LaTeX Color (DPC)

(/usr/share/texlive/texmf-dist/tex/latex/latexconfig/color.cfg
File: color.cfg 2007/01/18 v1.5 color configuration of teTeX/TeXLive
)
Package color Info: Driver file: pdftex.def on input line 130.
)
(/usr/share/texlive/texmf-dist/tex/latex/float/float.sty
Package: float 2001/11/08 v1.3d Float enhancements (AL)
\c@float@type=\count152
\float@exts=\toks26
\float@box=\box32
\@float@everytoks=\toks27
\@floatcapt=\box33
)
(/usr/share/texlive/texmf-dist/tex/latex/listings/lstlang1.sty
File: lstlang1.sty 2013/08/26 1.5b listings language file
) (./bethesis.aux)
\openout1 = `bethesis.aux'.

LaTeX Font Info:    Checking defaults for OML/cmm/m/it on input line 38.
LaTeX Font Info:    ... okay on input line 38.
LaTeX Font Info:    Checking defaults for T1/cmr/m/n on input line 38.
LaTeX Font Info:    ... okay on input line 38.
LaTeX Font Info:    Checking defaults for OT1/cmr/m/n on input line 38.
LaTeX Font Info:    ... okay on input line 38.
LaTeX Font Info:    Checking defaults for OMS/cmsy/m/n on input line 38.
LaTeX Font Info:    ... okay on input line 38.
LaTeX Font Info:    Checking defaults for OMX/cmex/m/n on input line 38.
LaTeX Font Info:    ... okay on input line 38.
LaTeX Font Info:    Checking defaults for U/cmr/m/n on input line 38.
LaTeX Font Info:    ... okay on input line 38.
LaTeX Font Info:    Try loading font information for OT1+ptm on input line 38.
 (/usr/share/texlive/texmf-dist/tex/latex/psnfss/ot1ptm.fd
File: ot1ptm.fd 2001/06/04 font definitions for OT1/ptm.
)
\big@size=\dimen154

(/usr/share/texlive/texmf-dist/tex/context/base/supp-pdf.mkii
[Loading MPS to PDF converter (version 2006.09.02).]
\scratchcounter=\count153
\scratchdimen=\dimen155
\scratchbox=\box34
\nofMPsegments=\count154
\nofMParguments=\count155
\everyMPshowfont=\toks28
\MPscratchCnt=\count156
\MPscratchDim=\dimen156
\MPnumerator=\count157
\makeMPintoPDFobject=\count158
\everyMPtoPDFconversion=\toks29
) (/usr/share/texlive/texmf-dist/tex/generic/oberdiek/pdftexcmds.sty
Package: pdftexcmds 2011/11/29 v0.20 Utility functions of pdfTeX for LuaTeX (HO
)
Package pdftexcmds Info: LuaTeX not detected.
Package pdftexcmds Info: \pdf@primitive is available.
Package pdftexcmds Info: \pdf@ifprimitive is available.
Package pdftexcmds Info: \pdfdraftmode found.
)
(/usr/share/texlive/texmf-dist/tex/latex/oberdiek/epstopdf-base.sty
Package: epstopdf-base 2010/02/09 v2.5 Base part for package epstopdf

(/usr/share/texlive/texmf-dist/tex/latex/oberdiek/grfext.sty
Package: grfext 2010/08/19 v1.1 Manage graphics extensions (HO)

(/usr/share/texlive/texmf-dist/tex/generic/oberdiek/kvdefinekeys.sty
Package: kvdefinekeys 2011/04/07 v1.3 Define keys (HO)
))
(/usr/share/texlive/texmf-dist/tex/latex/oberdiek/kvoptions.sty
Package: kvoptions 2011/06/30 v3.11 Key value format for package options (HO)

(/usr/share/texlive/texmf-dist/tex/generic/oberdiek/kvsetkeys.sty
Package: kvsetkeys 2012/04/25 v1.16 Key value parser (HO)

(/usr/share/texlive/texmf-dist/tex/generic/oberdiek/etexcmds.sty
Package: etexcmds 2011/02/16 v1.5 Avoid name clashes with e-TeX commands (HO)
Package etexcmds Info: Could not find \expanded.
(etexcmds)             That can mean that you are not using pdfTeX 1.50 or
(etexcmds)             that some package has redefined \expanded.
(etexcmds)             In the latter case, load this package earlier.
)))
Package grfext Info: Graphics extension search list:
(grfext)             [.png,.pdf,.jpg,.mps,.jpeg,.jbig2,.jb2,.PNG,.PDF,.JPG,.JPE
G,.JBIG2,.JB2,.eps]
(grfext)             \AppendGraphicsExtensions on input line 452.

(/usr/share/texlive/texmf-dist/tex/latex/latexconfig/epstopdf-sys.cfg
File: epstopdf-sys.cfg 2010/07/13 v1.3 Configuration of (r)epstopdf for TeX Liv
e
))
\c@lstlisting=\count159
LaTeX Font Info:    Font shape `OT1/ptm/bx/n' in size <20.74> not available
(Font)              Font shape `OT1/ptm/b/n' tried instead on input line 40.
LaTeX Font Info:    Try loading font information for OT1+ztmcm on input line 40
.

(/usr/share/texlive/texmf-dist/tex/latex/psnfss/ot1ztmcm.fd
File: ot1ztmcm.fd 2000/01/03 Fontinst v1.801 font definitions for OT1/ztmcm.
)
LaTeX Font Info:    Try loading font information for OML+ztmcm on input line 40
.

(/usr/share/texlive/texmf-dist/tex/latex/psnfss/omlztmcm.fd
File: omlztmcm.fd 2000/01/03 Fontinst v1.801 font definitions for OML/ztmcm.
)
LaTeX Font Info:    Try loading font information for OMS+ztmcm on input line 40
.

(/usr/share/texlive/texmf-dist/tex/latex/psnfss/omsztmcm.fd
File: omsztmcm.fd 2000/01/03 Fontinst v1.801 font definitions for OMS/ztmcm.
)
LaTeX Font Info:    Try loading font information for OMX+ztmcm on input line 40
.

(/usr/share/texlive/texmf-dist/tex/latex/psnfss/omxztmcm.fd
File: omxztmcm.fd 2000/01/03 Fontinst v1.801 font definitions for OMX/ztmcm.
)
LaTeX Font Info:    Font shape `OT1/ptm/bx/n' in size <17.28> not available
(Font)              Font shape `OT1/ptm/b/n' tried instead on input line 40.
LaTeX Font Info:    Font shape `OT1/ptm/bx/n' in size <12> not available
(Font)              Font shape `OT1/ptm/b/n' tried instead on input line 40.
LaTeX Font Info:    Font shape `OT1/ptm/bx/n' in size <10> not available
(Font)              Font shape `OT1/ptm/b/n' tried instead on input line 40.
LaTeX Font Info:    Font shape `OT1/ptm/bx/n' in size <14.4> not available
(Font)              Font shape `OT1/ptm/b/n' tried instead on input line 40.

<Figures/annauniv.png, id=1, 144.54pt x 134.5025pt>
File: Figures/annauniv.png Graphic file (type png)
 <use Figures/annauniv.png>
Package pdftex.def Info: Figures/annauniv.png used on input line 40.
(pdftex.def)             Requested size: 86.72466pt x 80.7021pt.

[1



{/var/lib/texmf/fonts/map/pdftex/updmap/pdftex.map} <./Figures/annauniv.png>]
Underfull \hbox (badness 10000) in paragraph at lines 41--41
\OT1/ptm/b/n/14.4 COPTER IM-PLE-MENT-ING PANORAMA AND 3D RE-
 []


Underfull \hbox (badness 1147) in paragraph at lines 41--41
\OT1/ptm/b/n/14.4 CON-STUC-TION \OT1/ptm/m/n/14.4 is the \OT1/ptm/m/it/14.4 bon
afide \OT1/ptm/m/n/14.4 work of \OT1/ptm/b/n/14.4 AVINASH RAMESH
 []


Underfull \hbox (badness 10000) in paragraph at lines 41--41
\OT1/ptm/b/n/14.4 (2012103009)\OT1/ptm/m/n/14.4 , \OT1/ptm/b/n/14.4 MITHUL MATH
-IVANAN (2012103037) \OT1/ptm/m/n/14.4 and
 []

[1



] (./FrontMatter/ack.tex) [2


] (./FrontMatter/abstract.tex)
Underfull \hbox (badness 3668) in paragraph at lines 1--44
[]\OT1/ptm/m/n/14.4 Quadcopters are one of the most pop-u-lar tech-nolo-gies of

 []


Underfull \hbox (badness 3668) in paragraph at lines 1--44
\OT1/ptm/m/n/14.4 the 21st cen-tury. They have mul-ti-far-i-ous uses rang-ing f
rom
 []


Underfull \hbox (badness 7116) in paragraph at lines 1--44
\OT1/ptm/m/n/14.4 aerial pho-togram-me-try(photography and 3d po-si-tion-ing of
 ob-
 []


Underfull \hbox (badness 10000) in paragraph at lines 1--44
\OT1/ptm/m/n/14.4 jects), mil-i-tary surveil-lance, tak-ing panorama shots, mov
ie-
 []


Underfull \hbox (badness 1688) in paragraph at lines 1--44
\OT1/ptm/m/n/14.4 making and de-liv-ery of prod-ucts. It is also an ex-ten-sive
 area
 []


Underfull \hbox (badness 4108) in paragraph at lines 1--44
\OT1/ptm/m/n/14.4 of re-search, an ex-am-ple of which would be swarm robotics.
 []


Underfull \hbox (badness 1033) in paragraph at lines 1--44
\OT1/ptm/m/n/14.4 of ob-ject-s/-to-pog-ra-phy and re-con-struct-ing 3D rep-re-s
en-ta-tions of it.
 []

[3


] [4


] (./bethesis.toc
LaTeX Font Info:    Font shape `OT1/ptm/bx/n' in size <10.95> not available
(Font)              Font shape `OT1/ptm/b/n' tried instead on input line 1.
LaTeX Font Info:    Font shape `OT1/ptm/bx/n' in size <8> not available
(Font)              Font shape `OT1/ptm/b/n' tried instead on input line 1.
 [5

] [6]) [7] (./bethesis.lof) [8

] (./bethesis.lot)
[9

] (./FrontMatter/acronyms.tex) [10


] (./Chapters/Chapter1.tex
Missing character: There is no ‚ in font ptmr7t!
Missing character: There is no Ä in font ptmr7t!
Missing character: There is no ì in font ptmr7t!
)
(./Chapters/Chapter2.tex
Underfull \hbox (badness 10000) in paragraph at lines 9--2
[]\OT1/ptm/m/n/14.4 The project is di-vided into three main mod-ules.
 []

[1


] [2] [3]
Missing character: There is no ‚ in font ptmr7t!
Missing character: There is no Ä in font ptmr7t!
Missing character: There is no ô in font ptmr7t!
Missing character: There is no ‚ in font ptmr7t!
Missing character: There is no Ä in font ptmr7t!
Missing character: There is no ú in font ptmr7t!
Missing character: There is no ‚ in font ptmr7t!
Missing character: There is no Ä in font ptmr7t!
Missing character: There is no ù in font ptmr7t!
Missing character: There is no ‚ in font ptmr7t!
Missing character: There is no Ä in font ptmr7t!
Missing character: There is no ú in font ptmr7t!
Missing character: There is no ‚ in font ptmr7t!
Missing character: There is no Ä in font ptmr7t!
Missing character: There is no ù in font ptmr7t!
) (./Chapters/Chapter3.tex [4

] [5] [6]
Missing character: There is no ‚ in font ptmr7t!
Missing character: There is no Ä in font ptmr7t!
Missing character: There is no ì in font ptmr7t!
 [7

]
Overfull \hbox (18.06665pt too wide) in paragraph at lines 36--36
[]\OT1/ptm/m/n/14.4 5) Quadcopter should move according to the processed flight
 control signals[] 
 []


Overfull \hbox (14.81242pt too wide) in paragraph at lines 52--52
[]\OT1/ptm/m/n/14.4 2) The Raspberry Pi Camera should be mounted securely on th
e quadcopter[] 
 []


Overfull \hbox (44.47649pt too wide) in paragraph at lines 54--54
[]\OT1/ptm/m/n/14.4 4) The camera signal from the Android app should be receive
d by the quadcopter[] 
 []


Overfull \hbox (23.86946pt too wide) in paragraph at lines 56--56
[]\OT1/ptm/m/n/14.4 6) The Raspberry Pi must execute the Python program without
 system failure[] 
 []

[8]
Overfull \hbox (39.9107pt too wide) in paragraph at lines 71--71
[]\OT1/ptm/m/n/14.4 2) Send motion, orientation and camera signals from the app
 to the Raspberry Pi[] 
 []

) (./Chapters/Chapter4.tex [9]
Missing character: There is no ‚ in font ptmr7t!
Missing character: There is no Ä in font ptmr7t!
Missing character: There is no ì in font ptmr7t!
 [10

] [11]
<Figures/rpi2.jpg, id=79, 5037.82124pt x 3377.61874pt>
File: Figures/rpi2.jpg Graphic file (type jpg)
 <use Figures/rpi2.jpg>
Package pdftex.def Info: Figures/rpi2.jpg used on input line 57.
(pdftex.def)             Requested size: 426.78703pt x 341.38934pt.

Overfull \hbox (14.78703pt too wide) in paragraph at lines 57--58
 [][] 
 []

<Figures/gpio_header.png, id=80, 959.585pt x 1027.84pt>
File: Figures/gpio_header.png Graphic file (type png)

<use Figures/gpio_header.png>
Package pdftex.def Info: Figures/gpio_header.png used on input line 64.
(pdftex.def)             Requested size: 426.78703pt x 341.431pt.

Overfull \hbox (14.78703pt too wide) in paragraph at lines 64--65
 [][] 
 []

[12 <./Figures/rpi2.jpg>]

LaTeX Warning: File `motor.jpg' not found on input line 75.


! Package pdftex.def Error: File `motor.jpg' not found.

See the pdftex.def package documentation for explanation.
Type  H <return>  for immediate help.
 ...                                              
                                                  
l.75 ...cs[width = 15cm, height = 12cm]{motor.jpg}
                                                  
? 

Overfull \hbox (14.90857pt too wide) in paragraph at lines 75--76
 [][] 
 []

[13 <./Figures/gpio_header.png>] <Figures/IMU.jpg, id=87, 706.64pt x 529.98pt>
File: Figures/IMU.jpg Graphic file (type jpg)

<use Figures/IMU.jpg>
Package pdftex.def Info: Figures/IMU.jpg used on input line 86.
(pdftex.def)             Requested size: 369.89175pt x 199.1706pt.

Underfull \hbox (badness 1496) in paragraph at lines 83--89
[]\OT1/ptm/m/n/14.4 An inertial measurement unit (IMU) is an electronic device
 []

[14] <Figures/picam.png, id=93, 526.96875pt x 435.12563pt>
File: Figures/picam.png Graphic file (type png)

<use Figures/picam.png>
Package pdftex.def Info: Figures/picam.png used on input line 95.
(pdftex.def)             Requested size: 199.17271pt x 170.72078pt.

Underfull \hbox (badness 6445) in paragraph at lines 92--98
[]\OT1/ptm/m/n/14.4 The Raspberry Pi camera module can be used to take
 []

[15 <./Figures/IMU.jpg>] <Figures/Blocks.jpg, id=97, 1145.27875pt x 578.16pt>
File: Figures/Blocks.jpg Graphic file (type jpg)

<use Figures/Blocks.jpg>
Package pdftex.def Info: Figures/Blocks.jpg used on input line 104.
(pdftex.def)             Requested size: 455.2374pt x 455.24165pt.

Overfull \hbox (43.2374pt too wide) in paragraph at lines 104--105
 [][] 
 []

[16 <./Figures/picam.png>]
<Figures/circuit_dgm.png, id=102, 509.905pt x 292.09125pt>
File: Figures/circuit_dgm.png Graphic file (type png)

<use Figures/circuit_dgm.png>
Package pdftex.def Info: Figures/circuit_dgm.png used on input line 113.
(pdftex.def)             Requested size: 455.26897pt x 455.2861pt.

Overfull \hbox (43.26897pt too wide) in paragraph at lines 113--114
 [][] 
 []

[17 <./Figures/Blocks.jpg>]
<Figures/Flows.jpg, id=107, 982.67125pt x 926.46124pt>
File: Figures/Flows.jpg Graphic file (type jpg)
 <use Figures/Flows.jpg>
Package pdftex.def Info: Figures/Flows.jpg used on input line 122.
(pdftex.def)             Requested size: 455.24306pt x 540.61345pt.

Overfull \hbox (43.24306pt too wide) in paragraph at lines 122--123
 [][] 
 []

[18 <./Figures/circuit_dgm.png>] [19 <./Figures/Flows.jpg>])
(./Chapters/Chapter5.tex [20]
Underfull \hbox (badness 2932) in paragraph at lines 7--8
[]\OT1/ptm/m/n/14.4 Input to the system consists of sensor data by the IMU,
 []


Underfull \hbox (badness 10000) in paragraph at lines 9--17

 []

[21

]
Underfull \hbox (badness 10000) in paragraph at lines 19--31

 []

[22]
Underfull \hbox (badness 10000) in paragraph at lines 58--59

 []


Overfull \hbox (12.83975pt too wide) in paragraph at lines 66--67
[][][][][][][][][][][][][][][][][][][][][][][][][][][] 
 []


Overfull \hbox (12.83975pt too wide) in paragraph at lines 67--68
[][][][][][][][][][][][][][][][][][][][][][][][][][][] 
 []


Overfull \hbox (12.83975pt too wide) in paragraph at lines 68--69
[][][][][][][][][][][][][][][][][][][][][][][][][][][] 
 []

[23]
Underfull \hbox (badness 10000) in paragraph at lines 85--94

 []


Underfull \hbox (badness 10000) in paragraph at lines 85--94

 []

[24]
Overfull \hbox (62.24016pt too wide) in paragraph at lines 107--108
[][][][][][][][][][][][][][][][][][] 
 []


Underfull \hbox (badness 10000) in paragraph at lines 109--114

 []

[25] [26] [27] [28] [29]
<Figures/InitialRobot.jpg, id=147, 4288.02pt x 2858.68pt>
File: Figures/InitialRobot.jpg Graphic file (type jpg)

<use Figures/InitialRobot.jpg>
Package pdftex.def Info: Figures/InitialRobot.jpg used on input line 224.
(pdftex.def)             Requested size: 426.73337pt x 312.9727pt.

Overfull \hbox (14.73337pt too wide) in paragraph at lines 224--225
 [][] 
 []

[30] <Figures/SecondRobot.jpg, id=151, 4288.02pt x 2858.68pt>
File: Figures/SecondRobot.jpg Graphic file (type jpg)

<use Figures/SecondRobot.jpg>
Package pdftex.def Info: Figures/SecondRobot.jpg used on input line 231.
(pdftex.def)             Requested size: 426.73337pt x 312.9727pt.

Overfull \hbox (14.73337pt too wide) in paragraph at lines 231--232
 [][] 
 []

[31 <./Figures/InitialRobot.jpg>]
Missing character: There is no ‚ in font ptmr7t!
Missing character: There is no Ä in font ptmr7t!
Missing character: There is no ì in font ptmr7t!
Missing character: There is no ‚ in font ptmr7t!
Missing character: There is no Ä in font ptmr7t!
Missing character: There is no ú in font ptmr7t!
Missing character: There is no ‚ in font ptmr7t!
Missing character: There is no Ä in font ptmr7t!
Missing character: There is no ù in font ptmr7t!
Missing character: There is no ‚ in font ptmr7t!
Missing character: There is no Ä in font ptmr7t!
Missing character: There is no ú in font ptmr7t!
Missing character: There is no ‚ in font ptmr7t!
Missing character: There is no Ä in font ptmr7t!
Missing character: There is no ù in font ptmr7t!
Missing character: There is no ‚ in font ptmr7t!
Missing character: There is no Ä in font ptmr7t!
Missing character: There is no ú in font ptmr7t!
Missing character: There is no ‚ in font ptmr7t!
Missing character: There is no Ä in font ptmr7t!
Missing character: There is no ù in font ptmr7t!
Missing character: There is no ‚ in font ptmr7t!
Missing character: There is no Ä in font ptmr7t!
Missing character: There is no ú in font ptmr7t!
Missing character: There is no ‚ in font ptmr7t!
Missing character: There is no Ä in font ptmr7t!
Missing character: There is no ù in font ptmr7t!
Missing character: There is no ‚ in font ptmr7t!
Missing character: There is no Ä in font ptmr7t!
Missing character: There is no ú in font ptmr7t!
Missing character: There is no ‚ in font ptmr7t!
Missing character: There is no Ä in font ptmr7t!
Missing character: There is no ù in font ptmr7t!

Underfull \hbox (badness 2302) in paragraph at lines 239--243
[]\OT1/ptm/m/n/14.4 The objective of the project is to build a quadcopter that
 []


Underfull \hbox (badness 1033) in paragraph at lines 239--243
\OT1/ptm/m/n/14.4 taken during its flight. The reason we chose these functions 
is
 []


Underfull \hbox (badness 1142) in paragraph at lines 239--243
\OT1/ptm/m/n/14.4 inaccessible locations like tall buildings and surveying wide
-open
 []


Underfull \hbox (badness 1888) in paragraph at lines 239--243
\OT1/ptm/m/n/14.4 of images, Detecting Features and Matching Features. Feature
 []

[32 <./Figures/SecondRobot.jpg>]
<Figures/pano.png, id=159, 593.21625pt x 306.14375pt>
File: Figures/pano.png Graphic file (type png)
 <use Figures/pano.png>
Package pdftex.def Info: Figures/pano.png used on input line 246.
(pdftex.def)             Requested size: 426.80762pt x 341.4492pt.

Overfull \hbox (14.80762pt too wide) in paragraph at lines 246--247
 [][] 
 []

[33] <Figures/WPF.jpg, id=163, 4288.02pt x 2858.68pt>
File: Figures/WPF.jpg Graphic file (type jpg)
 <use Figures/WPF.jpg>
Package pdftex.def Info: Figures/WPF.jpg used on input line 253.
(pdftex.def)             Requested size: 426.73337pt x 341.41286pt.

Overfull \hbox (14.73337pt too wide) in paragraph at lines 253--254
 [][] 
 []

[34 <./Figures/pano.png>]
Underfull \hbox (badness 1728) in paragraph at lines 259--269
\OT1/ptm/m/n/14.4 quadcopter. It implements a virtual Joystick interface for ea
sy
 []


Underfull \hbox (badness 2096) in paragraph at lines 259--269
\OT1/ptm/m/n/14.4 The camera button can enable or disable camera mode on the
 []

[35 <./Figures/WPF.jpg>] <Figures/app.png, id=170, 1927.2pt x 1084.05pt>
File: Figures/app.png Graphic file (type png)

<use Figures/app.png>
Package pdftex.def Info: Figures/app.png used on input line 272.
(pdftex.def)             Requested size: 426.77895pt x 341.42793pt.

Overfull \hbox (14.77895pt too wide) in paragraph at lines 272--273
 [][] 
 []

<Figures/software.png, id=171, 734.745pt x 691.58376pt>
File: Figures/software.png Graphic file (type png)

<use Figures/software.png>
Package pdftex.def Info: Figures/software.png used on input line 281.
(pdftex.def)             Requested size: 426.80264pt x 341.43275pt.

Overfull \hbox (14.80264pt too wide) in paragraph at lines 281--282
 [][] 
 []

[36 <./Figures/app.png>]) (./Chapters/Chapter6.tex [37 <./Figures/software.png>
] <Figures/graph4.png, id=179, 528.97626pt x 334.24875pt>
File: Figures/graph4.png Graphic file (type png)

<use Figures/graph4.png>
Package pdftex.def Info: Figures/graph4.png used on input line 11.
(pdftex.def)             Requested size: 528.97496pt x 334.24792pt.

Overfull \hbox (14.78955pt too wide) in paragraph at lines 11--12
 [][] 
 []


Overfull \hbox (56.21317pt too wide) in paragraph at lines 17--31
[][] 
 []

[38

 <./Figures/graph4.png>]
<Figures/graph2.png, id=185, 934.49126pt x 314.17375pt>
File: Figures/graph2.png Graphic file (type png)

<use Figures/graph2.png>
Package pdftex.def Info: Figures/graph2.png used on input line 40.
(pdftex.def)             Requested size: 426.79121pt x 199.16733pt.

Overfull \hbox (14.79121pt too wide) in paragraph at lines 40--41
 [][] 
 []

[39] <Figures/graph1.png, id=190, 936.49875pt x 303.1325pt>
File: Figures/graph1.png Graphic file (type png)

<use Figures/graph1.png>
Package pdftex.def Info: Figures/graph1.png used on input line 48.
(pdftex.def)             Requested size: 426.7935pt x 170.71976pt.

Overfull \hbox (14.7935pt too wide) in paragraph at lines 48--49
 [][] 
 []

<Figures/graph3.png, id=191, 620.3175pt x 433.62pt>
File: Figures/graph3.png Graphic file (type png)
 <use Figures/graph3.png>
Package pdftex.def Info: Figures/graph3.png used on input line 55.
(pdftex.def)             Requested size: 426.78906pt x 312.99353pt.

Overfull \hbox (14.78906pt too wide) in paragraph at lines 55--56
 [][] 
 []

[40 <./Figures/graph2.png> <./Figures/graph1.png>]
<Figures/graph5.png, id=197, 942.52126pt x 421.575pt>
File: Figures/graph5.png Graphic file (type png)
 <use Figures/graph5.png>
Package pdftex.def Info: Figures/graph5.png used on input line 63.
(pdftex.def)             Requested size: 426.79126pt x 199.1695pt.

Overfull \hbox (14.79126pt too wide) in paragraph at lines 63--64
 [][] 
 []

) (./Chapters/Chapter7.tex [41 <./Figures/graph3.png> <./Figures/graph5.png>]
Underfull \hbox (badness 2261) in paragraph at lines 5--7
\OT1/ptm/m/n/14.4 photogrammetry, terrain exploration and mapping, archaeologic
al
 []

)
Underfull \hbox (badness 1648) in paragraph at lines 11--66
[]\OT1/ptm/m/n/14.4 The quadcopter's RPi camera currently takes pictures all at

 []

(./Appendices/AppendixA.tex [42

] [43] [44

] [45] [46] [47] [48] [49] [50]
[51] [52] [53]) [54]
No file bethesis.bbl.
\tf@toc=\write5
\openout5 = `bethesis.toc'.

\tf@lof=\write6
\openout6 = `bethesis.lof'.

\tf@lot=\write7
\openout7 = `bethesis.lot'.

(./bethesis.aux) ) 
Here is how much of TeX's memory you used:
 8088 strings out of 495028
 113288 string characters out of 6181497
 340683 words of memory out of 5000000
 11155 multiletter control sequences out of 15000+600000
 29510 words of font info for 66 fonts, out of 8000000 for 9000
 14 hyphenation exceptions out of 8191
 42i,12n,40p,2132b,1637s stack positions out of 5000i,500n,10000p,200000b,80000s
{/usr/share/texlive/texmf-dist/fonts/enc/dvips/base/8r.enc}</
usr/share/texlive/texmf-dist/fonts/type1/public/amsfonts/cm/cmssbx10.pfb></usr/
share/texlive/texmf-dist/fonts/type1/public/amsfonts/cm/cmtt12.pfb></usr/share/
texlive/texmf-dist/fonts/type1/urw/times/utmb8a.pfb></usr/share/texlive/texmf-d
ist/fonts/type1/urw/times/utmr8a.pfb></usr/share/texlive/texmf-dist/fonts/type1
/urw/times/utmri8a.pfb>
Output written on bethesis.pdf (65 pages, 19197004 bytes).
PDF statistics:
 265 PDF objects out of 1000 (max. 8388607)
 162 compressed objects within 2 object streams
 0 named destinations out of 1000 (max. 500000)
 96 words of extra memory for PDF output out of 10000 (max. 10000000)

