\BOOKMARK [0][-]{section*.1}{ABSTRACT \205 ENGLISH}{}% 1
\BOOKMARK [0][-]{section*.2}{ABSTRACT \205 TAMIL}{}% 2
\BOOKMARK [0][-]{section*.3}{LIST OF FIGURES}{}% 3
\BOOKMARK [0][-]{section*.4}{LIST OF TABLES}{}% 4
\BOOKMARK [0][-]{chapter*.6}{LIST OF ABBREVIATIONS}{}% 5
\BOOKMARK [0][-]{chapter.1}{INTRODUCTION}{}% 6
\BOOKMARK [1][-]{section.1.1}{General Overview}{chapter.1}% 7
\BOOKMARK [1][-]{section.1.2}{About the project}{chapter.1}% 8
\BOOKMARK [1][-]{section.1.3}{Organization of the Thesis}{chapter.1}% 9
\BOOKMARK [0][-]{chapter.2}{RELATED WORK}{}% 10
\BOOKMARK [0][-]{chapter.3}{REQUIREMENTS ANALYSIS}{}% 11
\BOOKMARK [1][-]{section.3.1}{Requirements}{chapter.3}% 12
\BOOKMARK [2][-]{subsection.3.1.1}{Quadcopter}{section.3.1}% 13
\BOOKMARK [2][-]{subsection.3.1.2}{Image Processing}{section.3.1}% 14
\BOOKMARK [2][-]{subsection.3.1.3}{Android App Module}{section.3.1}% 15
\BOOKMARK [2][-]{subsection.3.1.4}{Analysis}{section.3.1}% 16
\BOOKMARK [0][-]{chapter.4}{SYSTEM DESIGN}{}% 17
\BOOKMARK [1][-]{section.4.1}{Components in the project}{chapter.4}% 18
\BOOKMARK [2][-]{subsection.4.1.1}{Hardware Components}{section.4.1}% 19
\BOOKMARK [2][-]{subsection.4.1.2}{Software Components}{section.4.1}% 20
\BOOKMARK [2][-]{subsection.4.1.3}{Programs}{section.4.1}% 21
\BOOKMARK [1][-]{section.4.2}{Technology used}{chapter.4}% 22
\BOOKMARK [2][-]{subsection.4.2.1}{Raspberry Pi 2 Microcomputer}{section.4.2}% 23
\BOOKMARK [2][-]{subsection.4.2.2}{Electronic Speed Controller \(ESC\)}{section.4.2}% 24
\BOOKMARK [2][-]{subsection.4.2.3}{IMU Sensor}{section.4.2}% 25
\BOOKMARK [2][-]{subsection.4.2.4}{Raspberry Pi Camera}{section.4.2}% 26
\BOOKMARK [1][-]{section.4.3}{Block Diagram}{chapter.4}% 27
\BOOKMARK [1][-]{section.4.4}{Circuit Diagram}{chapter.4}% 28
\BOOKMARK [1][-]{section.4.5}{Flow Diagram}{chapter.4}% 29
\BOOKMARK [0][-]{chapter.5}{SYSTEM DEVELOPMENT}{}% 30
\BOOKMARK [1][-]{section.5.1}{Input and Output to System}{chapter.5}% 31
\BOOKMARK [2][-]{subsection.5.1.1}{Input}{section.5.1}% 32
\BOOKMARK [2][-]{subsection.5.1.2}{Output}{section.5.1}% 33
\BOOKMARK [1][-]{section.5.2}{Input and Output for each module}{chapter.5}% 34
\BOOKMARK [2][-]{subsection.5.2.1}{Raspberry Pi-controlled quadcopter}{section.5.2}% 35
\BOOKMARK [2][-]{subsection.5.2.2}{Image-Processing Module}{section.5.2}% 36
\BOOKMARK [2][-]{subsection.5.2.3}{Android App Module}{section.5.2}% 37
\BOOKMARK [1][-]{section.5.3}{Modules}{chapter.5}% 38
\BOOKMARK [2][-]{subsection.5.3.1}{Raspberry Pi 2-controlled quadcopter}{section.5.3}% 39
\BOOKMARK [2][-]{subsection.5.3.2}{Image-Processing Module}{section.5.3}% 40
\BOOKMARK [2][-]{subsection.5.3.3}{Android App}{section.5.3}% 41
\BOOKMARK [1][-]{section.5.4}{Overall Component Diagram}{chapter.5}% 42
\BOOKMARK [0][-]{chapter.6}{RESULTS AND DISCUSSION}{}% 43
\BOOKMARK [1][-]{section.6.1}{Results}{chapter.6}% 44
\BOOKMARK [2][-]{subsection.6.1.1}{Assessment}{section.6.1}% 45
\BOOKMARK [2][-]{subsection.6.1.2}{Evaluation}{section.6.1}% 46
\BOOKMARK [0][-]{chapter.7}{CONCLUSIONS}{}% 47
\BOOKMARK [1][-]{section.7.1}{Contributions}{chapter.7}% 48
\BOOKMARK [1][-]{section.7.2}{Future Work}{chapter.7}% 49
\BOOKMARK [0][-]{appendix.A}{PID Controller}{}% 50
\BOOKMARK [1][-]{section.A.1}{Sample PID Controller Code}{appendix.A}% 51
\BOOKMARK [1][-]{section.A.2}{Sample Panorama Stitching Code}{appendix.A}% 52
\BOOKMARK [0][-]{appendix*.28}{REFERENCES}{}% 53
